<?xml version="1.0" encoding="UTF-8"?>
<!-- Generated by org.testng.reporters.JUnitReportReporter -->
<testsuite hostname="DESKTOP-JVT8TRH" failures="0" tests="11" name="homePage.TestingAlmosafer" time="60.491" errors="0" timestamp="2024-08-20T11:33:22 PDT" skipped="0">
  <testcase classname="homePage.TestingAlmosafer" name="CheckLanguage" time="0.538"/>
  <system-out/>
  <testcase classname="homePage.TestingAlmosafer" name="CheckCurency" time="1.177"/>
  <system-out/>
  <testcase classname="homePage.TestingAlmosafer" name="CheckNumber" time="0.571"/>
  <system-out/>
  <testcase classname="homePage.TestingAlmosafer" name="GitafLogo" time="1.069"/>
  <system-out/>
  <testcase classname="homePage.TestingAlmosafer" name="HotelSeleced" time="0.344"/>
  <system-out/>
  <testcase classname="homePage.TestingAlmosafer" name="FlightStrctrueAndReturn" time="0.251"/>
  <system-out/>
  <testcase classname="homePage.TestingAlmosafer" name="RandomLanguageCheck" time="8.174"/>
  <system-out/>
  <testcase classname="homePage.TestingAlmosafer" name="FillHotelTab" time="3.320"/>
  <system-out/>
  <testcase classname="homePage.TestingAlmosafer" name="RandomlySelectTheNumberOfVistor" time="20.820"/>
  <system-out/>
  <testcase classname="homePage.TestingAlmosafer" name="CheckThePageFullyLoaded" time="22.781"/>
  <system-out/>
  <testcase classname="homePage.TestingAlmosafer" name="SortLowestPrice" time="1.446"/>
  <system-out/>
</testsuite> <!-- homePage.TestingAlmosafer -->
