<?xml version="1.0" encoding="UTF-8"?>
<!-- Generated by org.testng.reporters.JUnitReportReporter -->
<testsuite hostname="DESKTOP-JVT8TRH" failures="0" tests="11" name="homePage.TestingAlmosafer" time="27.998" errors="0" timestamp="2024-08-19T08:48:41 PDT" skipped="0">
  <testcase classname="homePage.TestingAlmosafer" name="CheckLanguage" time="0.142"/>
  <system-out/>
  <testcase classname="homePage.TestingAlmosafer" name="CheckCurency" time="0.049"/>
  <system-out/>
  <testcase classname="homePage.TestingAlmosafer" name="CheckNumber" time="0.041"/>
  <system-out/>
  <testcase classname="homePage.TestingAlmosafer" name="GitafLogo" time="0.112"/>
  <system-out/>
  <testcase classname="homePage.TestingAlmosafer" name="HotelSeleced" time="0.050"/>
  <system-out/>
  <testcase classname="homePage.TestingAlmosafer" name="FlightStrctrueAndReturn" time="1.288"/>
  <system-out/>
  <testcase classname="homePage.TestingAlmosafer" name="RandomLanguageCheck" time="2.151"/>
  <system-out/>
  <testcase classname="homePage.TestingAlmosafer" name="FillHotelTab" time="2.212"/>
  <system-out/>
  <testcase classname="homePage.TestingAlmosafer" name="RandomlySelectTheNumberOfVistor" time="6.185"/>
  <system-out/>
  <testcase classname="homePage.TestingAlmosafer" name="CheckThePageFullyLoaded" time="14.392"/>
  <system-out/>
  <testcase classname="homePage.TestingAlmosafer" name="SortLowestPrice" time="1.376"/>
  <system-out/>
</testsuite> <!-- homePage.TestingAlmosafer -->
