<?xml version="1.0" encoding="UTF-8"?>
<!-- Generated by org.testng.reporters.JUnitReportReporter -->
<testsuite hostname="DESKTOP-JVT8TRH" failures="0" tests="10" name="TestingAlmosafer" time="25.737" errors="0" timestamp="2024-08-17T06:08:06 PDT" skipped="0">
  <testcase classname="TestingAlmosafer" name="CheckLanguage" time="0.067"/>
  <system-out/>
  <testcase classname="TestingAlmosafer" name="CheckCurency" time="0.122"/>
  <system-out/>
  <testcase classname="TestingAlmosafer" name="CheckNumber" time="0.045"/>
  <system-out/>
  <testcase classname="TestingAlmosafer" name="GitafLogo" time="0.264"/>
  <system-out/>
  <testcase classname="TestingAlmosafer" name="HotelSeleced" time="0.071"/>
  <system-out/>
  <testcase classname="TestingAlmosafer" name="FlightStrctrueAndReturn" time="0.137"/>
  <system-out/>
  <testcase classname="TestingAlmosafer" name="RandomLanguageCheck" time="1.736"/>
  <system-out/>
  <testcase classname="TestingAlmosafer" name="HotelSearchTab" time="9.550"/>
  <system-out/>
  <testcase classname="TestingAlmosafer" name="RandomSeletRoom" time="12.361"/>
  <system-out/>
  <testcase classname="TestingAlmosafer" name="ButtonSearch" time="1.384"/>
  <system-out/>
</testsuite> <!-- TestingAlmosafer -->
