<?xml version="1.0" encoding="UTF-8"?>
<!-- Generated by org.testng.reporters.JUnitReportReporter -->
<testsuite hostname="DESKTOP-JVT8TRH" failures="0" tests="5" name="TestingAlmosafer" time="0.666" errors="0" timestamp="2024-08-15T07:26:48 PDT" skipped="0">
  <testcase classname="TestingAlmosafer" name="GitafLogo" time="0.093"/>
  <system-out/>
  <testcase classname="TestingAlmosafer" name="CheckNumber" time="0.040"/>
  <system-out/>
  <testcase classname="TestingAlmosafer" name="CheckCurency" time="0.129"/>
  <system-out/>
  <testcase classname="TestingAlmosafer" name="CheckLanguage" time="0.048"/>
  <system-out/>
  <testcase classname="TestingAlmosafer" name="HotelSeleced" time="0.356"/>
  <system-out/>
</testsuite> <!-- TestingAlmosafer -->
