<?xml version="1.0" encoding="UTF-8"?>
<!-- Generated by org.testng.reporters.JUnitReportReporter -->
<testsuite hostname="DESKTOP-JVT8TRH" failures="0" tests="6" name="TestingAlmosafer" time="0.377" errors="0" timestamp="2024-08-15T09:50:27 PDT" skipped="0">
  <testcase classname="TestingAlmosafer" name="CheckLanguage" time="0.097"/>
  <system-out/>
  <testcase classname="TestingAlmosafer" name="CheckCurency" time="0.050"/>
  <system-out/>
  <testcase classname="TestingAlmosafer" name="CheckNumber" time="0.038"/>
  <system-out/>
  <testcase classname="TestingAlmosafer" name="GitafLogo" time="0.053"/>
  <system-out/>
  <testcase classname="TestingAlmosafer" name="HotelSeleced" time="0.040"/>
  <system-out/>
  <testcase classname="TestingAlmosafer" name="FlightStrctrueAndReturn" time="0.099"/>
  <system-out/>
</testsuite> <!-- TestingAlmosafer -->
