<?xml version="1.0" encoding="UTF-8"?>
<!-- Generated by org.testng.reporters.JUnitReportReporter -->
<testsuite hostname="DESKTOP-JVT8TRH" failures="0" tests="8" name="TestingAlmosafer" time="15.296" errors="0" timestamp="2024-08-16T13:08:31 PDT" skipped="0">
  <testcase classname="TestingAlmosafer" name="CheckLanguage" time="0.121"/>
  <system-out/>
  <testcase classname="TestingAlmosafer" name="CheckCurency" time="0.060"/>
  <system-out/>
  <testcase classname="TestingAlmosafer" name="CheckNumber" time="0.037"/>
  <system-out/>
  <testcase classname="TestingAlmosafer" name="GitafLogo" time="0.077"/>
  <system-out/>
  <testcase classname="TestingAlmosafer" name="HotelSeleced" time="0.055"/>
  <system-out/>
  <testcase classname="TestingAlmosafer" name="FlightStrctrueAndReturn" time="0.091"/>
  <system-out/>
  <testcase classname="TestingAlmosafer" name="RandomLanguage" time="2.110"/>
  <system-out/>
  <testcase classname="TestingAlmosafer" name="HotelSearchTab" time="12.745"/>
  <system-out/>
</testsuite> <!-- TestingAlmosafer -->
